<?xml version="1.0" encoding="UTF-8"?>
<!-- Generated by org.testng.reporters.JUnitReportReporter -->
<testsuite hostname="LAPTOP-K8ACM6HQ" failures="0" tests="1" name="macys.NotePad" time="3.013" errors="0" timestamp="2021-01-11T12:22:06 EST" skipped="0">
  <testcase classname="macys.NotePad" name="note" time="3.013"/>
  <system-out/>
</testsuite> <!-- macys.NotePad -->
