<?xml version="1.0" encoding="UTF-8"?>
<!-- Generated by org.testng.reporters.JUnitReportReporter -->
<testsuite hostname="LAPTOP-K8ACM6HQ" failures="0" tests="1" name="macys.Examin" time="0.013" errors="0" timestamp="2020-08-22T13:32:40 EDT" skipped="0">
  <testcase classname="macys.Examin" name="test" time="0.013"/>
  <system-out/>
</testsuite> <!-- macys.Examin -->
