<?xml version="1.0" encoding="UTF-8"?>
<!-- Generated by org.testng.reporters.JUnitReportReporter -->
<testsuite hostname="LAPTOP-K8ACM6HQ" failures="0" tests="1" name="macys.Anee" time="0.011" errors="0" timestamp="2020-08-22T10:12:07 EDT" skipped="0">
  <testcase classname="macys.Anee" name="click" time="0.011"/>
  <system-out/>
</testsuite> <!-- macys.Anee -->
