<?xml version="1.0" encoding="UTF-8"?>
<!-- Generated by org.testng.reporters.JUnitReportReporter -->
<testsuite hostname="LAPTOP-K8ACM6HQ" failures="0" tests="1" name="macys.Factorial" time="0.018" errors="0" timestamp="2020-08-13T22:56:27 EDT" skipped="0">
  <testcase classname="macys.Factorial" name="factorial" time="0.018"/>
  <system-out/>
</testsuite> <!-- macys.Factorial -->
