<?xml version="1.0" encoding="UTF-8"?>
<!-- Generated by org.testng.reporters.JUnitReportReporter -->
<testsuite hostname="LAPTOP-K8ACM6HQ" failures="0" tests="1" name="macys.Base" time="8.195" errors="0" timestamp="10 Jul 2020 03:58:07 GMT" skipped="0">
  <testcase classname="macys.Base" name="openBrowser" time="8.195"/>
</testsuite> <!-- macys.Base -->
