<?xml version="1.0" encoding="UTF-8"?>
<!-- Generated by org.testng.reporters.JUnitReportReporter -->
<testsuite hostname="LAPTOP-K8ACM6HQ" failures="0" tests="1" name="macys.ReadP" time="0.011" errors="0" timestamp="2021-01-11T20:27:39 EST" skipped="0">
  <testcase classname="macys.ReadP" name="readProperty" time="0.011"/>
  <system-out/>
</testsuite> <!-- macys.ReadP -->
