<?xml version="1.0" encoding="UTF-8"?>
<!-- Generated by org.testng.reporters.JUnitReportReporter -->
<testsuite hostname="LAPTOP-K8ACM6HQ" failures="0" tests="2" name="macys.LLL" time="0.014" errors="0" timestamp="2021-01-23T16:37:35 EST" skipped="0">
  <testcase classname="macys.LLL" name="ff" time="0.012"/>
  <system-out/>
  <testcase classname="macys.LLL" name="ii" time="0.002"/>
  <system-out/>
</testsuite> <!-- macys.LLL -->
