<?xml version="1.0" encoding="UTF-8"?>
<!-- Generated by org.testng.reporters.JUnitReportReporter -->
<testsuite hostname="LAPTOP-K8ACM6HQ" failures="0" tests="1" name="macys.Famim" time="0.015" errors="0" timestamp="2020-08-22T10:24:47 EDT" skipped="0">
  <testcase classname="macys.Famim" name="ant" time="0.015"/>
  <system-out/>
</testsuite> <!-- macys.Famim -->
