<?xml version="1.0" encoding="UTF-8"?>
<!-- Generated by org.testng.reporters.JUnitReportReporter -->
<testsuite hostname="LAPTOP-K8ACM6HQ" failures="0" tests="1" name="macys.Guru99" time="6.780" errors="0" timestamp="2020-08-13T23:40:23 EDT" skipped="0">
  <testcase classname="macys.Guru99" name="openBrowser" time="6.780"/>
  <system-out/>
</testsuite> <!-- macys.Guru99 -->
