<?xml version="1.0" encoding="UTF-8"?>
<!-- Generated by org.testng.reporters.JUnitReportReporter -->
<testsuite hostname="LAPTOP-K8ACM6HQ" failures="0" tests="1" name="macys.Tester" time="0.013" errors="0" timestamp="2021-01-24T09:33:55 EST" skipped="0">
  <testcase classname="macys.Tester" name="dd" time="0.013"/>
  <system-out/>
</testsuite> <!-- macys.Tester -->
